{"message":"::1 - - [02/Feb/2021:10:40:16 +0000] \"OPTIONS /user/login HTTP/1.1\" 200 15 \"http://localhost:4200/\" \"Mozilla/5.0 (Windows NT 10.0; Win64; x64) AppleWebKit/537.36 (KHTML, like Gecko) Chrome/88.0.4324.104 Safari/537.36\"","level":"info"}
{"message":"::1 - - [02/Feb/2021:10:40:40 +0000] \"OPTIONS /user/login HTTP/1.1\" 200 15 \"http://localhost:4200/\" \"Mozilla/5.0 (Linux; Android 5.0; SM-G900P Build/LRX21T) AppleWebKit/537.36 (KHTML, like Gecko) Chrome/88.0.4324.104 Mobile Safari/537.36\"","level":"info"}
{"message":"::1 - - [02/Feb/2021:10:42:17 +0000] \"POST /user/login HTTP/1.1\" - - \"http://localhost:4200/\" \"Mozilla/5.0 (Windows NT 10.0; Win64; x64) AppleWebKit/537.36 (KHTML, like Gecko) Chrome/88.0.4324.104 Safari/537.36\"","level":"info"}
{"message":"::1 - - [02/Feb/2021:10:42:40 +0000] \"POST /user/login HTTP/1.1\" - - \"http://localhost:4200/\" \"Mozilla/5.0 (Linux; Android 5.0; SM-G900P Build/LRX21T) AppleWebKit/537.36 (KHTML, like Gecko) Chrome/88.0.4324.104 Mobile Safari/537.36\"","level":"info"}
{"message":"::1 - - [02/Feb/2021:10:42:40 +0000] \"POST /user/login HTTP/1.1\" 429 68 \"http://localhost:4200/\" \"Mozilla/5.0 (Linux; Android 5.0; SM-G900P Build/LRX21T) AppleWebKit/537.36 (KHTML, like Gecko) Chrome/88.0.4324.104 Mobile Safari/537.36\"","level":"info"}
{"message":"::1 - - [02/Feb/2021:10:43:34 +0000] \"OPTIONS /user/login HTTP/1.1\" 200 15 \"http://localhost:4200/\" \"Mozilla/5.0 (Linux; Android 5.0; SM-G900P Build/LRX21T) AppleWebKit/537.36 (KHTML, like Gecko) Chrome/88.0.4324.104 Mobile Safari/537.36\"","level":"info"}
{"message":"::1 - - [02/Feb/2021:10:44:45 +0000] \"OPTIONS /user/login HTTP/1.1\" 200 15 \"http://localhost:4200/\" \"Mozilla/5.0 (Linux; Android 5.0; SM-G900P Build/LRX21T) AppleWebKit/537.36 (KHTML, like Gecko) Chrome/88.0.4324.104 Mobile Safari/537.36\"","level":"info"}
{"message":"::1 - - [02/Feb/2021:11:00:16 +0000] \"OPTIONS /user/login HTTP/1.1\" 200 15 \"http://localhost:4200/\" \"Mozilla/5.0 (Linux; Android 5.0; SM-G900P Build/LRX21T) AppleWebKit/537.36 (KHTML, like Gecko) Chrome/88.0.4324.104 Mobile Safari/537.36\"","level":"info"}
{"message":"::1 - - [02/Feb/2021:11:01:19 +0000] \"OPTIONS /user/login HTTP/1.1\" 200 15 \"http://localhost:4200/\" \"Mozilla/5.0 (Linux; Android 5.0; SM-G900P Build/LRX21T) AppleWebKit/537.36 (KHTML, like Gecko) Chrome/88.0.4324.104 Mobile Safari/537.36\"","level":"info"}
{"message":"::1 - - [02/Feb/2021:11:04:11 +0000] \"OPTIONS /user/login HTTP/1.1\" 200 15 \"http://localhost:4200/\" \"Mozilla/5.0 (Linux; Android 5.0; SM-G900P Build/LRX21T) AppleWebKit/537.36 (KHTML, like Gecko) Chrome/88.0.4324.104 Mobile Safari/537.36\"","level":"info"}
{"message":"::1 - - [02/Feb/2021:11:15:53 +0000] \"OPTIONS /user/login HTTP/1.1\" 200 15 \"http://localhost:4200/\" \"Mozilla/5.0 (Linux; Android 5.0; SM-G900P Build/LRX21T) AppleWebKit/537.36 (KHTML, like Gecko) Chrome/88.0.4324.104 Mobile Safari/537.36\"","level":"info"}
{"message":"::1 - - [02/Feb/2021:11:15:55 +0000] \"POST /user/login HTTP/1.1\" 200 329 \"http://localhost:4200/\" \"Mozilla/5.0 (Linux; Android 5.0; SM-G900P Build/LRX21T) AppleWebKit/537.36 (KHTML, like Gecko) Chrome/88.0.4324.104 Mobile Safari/537.36\"","level":"info"}
{"message":"::1 - - [02/Feb/2021:11:15:55 +0000] \"OPTIONS /tweets HTTP/1.1\" 200 13 \"http://localhost:4200/\" \"Mozilla/5.0 (Linux; Android 5.0; SM-G900P Build/LRX21T) AppleWebKit/537.36 (KHTML, like Gecko) Chrome/88.0.4324.104 Mobile Safari/537.36\"","level":"info"}
{"message":"::1 - - [02/Feb/2021:11:15:55 +0000] \"GET /tweets HTTP/1.1\" 304 - \"http://localhost:4200/\" \"Mozilla/5.0 (Linux; Android 5.0; SM-G900P Build/LRX21T) AppleWebKit/537.36 (KHTML, like Gecko) Chrome/88.0.4324.104 Mobile Safari/537.36\"","level":"info"}
{"message":"::1 - - [02/Feb/2021:11:18:47 +0000] \"OPTIONS /user/login HTTP/1.1\" 200 15 \"http://localhost:4200/\" \"Mozilla/5.0 (Linux; Android 5.0; SM-G900P Build/LRX21T) AppleWebKit/537.36 (KHTML, like Gecko) Chrome/88.0.4324.104 Mobile Safari/537.36\"","level":"info"}
{"message":"::1 - - [02/Feb/2021:11:19:22 +0000] \"OPTIONS /user/login HTTP/1.1\" 200 15 \"http://localhost:4200/\" \"Mozilla/5.0 (Linux; Android 5.0; SM-G900P Build/LRX21T) AppleWebKit/537.36 (KHTML, like Gecko) Chrome/88.0.4324.104 Mobile Safari/537.36\"","level":"info"}
{"message":"::1 - - [02/Feb/2021:11:20:24 +0000] \"OPTIONS /user/login HTTP/1.1\" 200 15 \"http://localhost:4200/\" \"Mozilla/5.0 (Linux; Android 5.0; SM-G900P Build/LRX21T) AppleWebKit/537.36 (KHTML, like Gecko) Chrome/88.0.4324.104 Mobile Safari/537.36\"","level":"info"}
{"message":"::1 - - [02/Feb/2021:11:21:25 +0000] \"OPTIONS /user/login HTTP/1.1\" 200 15 \"http://localhost:4200/\" \"Mozilla/5.0 (Linux; Android 5.0; SM-G900P Build/LRX21T) AppleWebKit/537.36 (KHTML, like Gecko) Chrome/88.0.4324.104 Mobile Safari/537.36\"","level":"info"}
{"message":"::1 - - [02/Feb/2021:11:22:31 +0000] \"OPTIONS /user/login HTTP/1.1\" 200 15 \"http://localhost:4200/\" \"Mozilla/5.0 (Linux; Android 5.0; SM-G900P Build/LRX21T) AppleWebKit/537.36 (KHTML, like Gecko) Chrome/88.0.4324.104 Mobile Safari/537.36\"","level":"info"}
{"message":"::1 - - [02/Feb/2021:11:22:32 +0000] \"POST /user/login HTTP/1.1\" 200 329 \"http://localhost:4200/\" \"Mozilla/5.0 (Linux; Android 5.0; SM-G900P Build/LRX21T) AppleWebKit/537.36 (KHTML, like Gecko) Chrome/88.0.4324.104 Mobile Safari/537.36\"","level":"info"}
{"message":"::1 - - [02/Feb/2021:11:22:32 +0000] \"OPTIONS /tweets HTTP/1.1\" 200 13 \"http://localhost:4200/\" \"Mozilla/5.0 (Linux; Android 5.0; SM-G900P Build/LRX21T) AppleWebKit/537.36 (KHTML, like Gecko) Chrome/88.0.4324.104 Mobile Safari/537.36\"","level":"info"}
{"message":"::1 - - [02/Feb/2021:11:22:32 +0000] \"GET /tweets HTTP/1.1\" 304 - \"http://localhost:4200/\" \"Mozilla/5.0 (Linux; Android 5.0; SM-G900P Build/LRX21T) AppleWebKit/537.36 (KHTML, like Gecko) Chrome/88.0.4324.104 Mobile Safari/537.36\"","level":"info"}
{"message":"::1 - - [02/Feb/2021:11:51:01 +0000] \"OPTIONS /user/login HTTP/1.1\" 200 15 \"http://localhost:4200/\" \"Mozilla/5.0 (Windows NT 10.0; Win64; x64) AppleWebKit/537.36 (KHTML, like Gecko) Chrome/88.0.4324.104 Safari/537.36\"","level":"info"}
{"message":"::1 - - [02/Feb/2021:11:51:02 +0000] \"POST /user/login HTTP/1.1\" 200 329 \"http://localhost:4200/\" \"Mozilla/5.0 (Windows NT 10.0; Win64; x64) AppleWebKit/537.36 (KHTML, like Gecko) Chrome/88.0.4324.104 Safari/537.36\"","level":"info"}
{"message":"::1 - - [02/Feb/2021:11:51:02 +0000] \"OPTIONS /tweets HTTP/1.1\" 200 13 \"http://localhost:4200/\" \"Mozilla/5.0 (Windows NT 10.0; Win64; x64) AppleWebKit/537.36 (KHTML, like Gecko) Chrome/88.0.4324.104 Safari/537.36\"","level":"info"}
{"message":"::1 - - [02/Feb/2021:11:51:03 +0000] \"GET /tweets HTTP/1.1\" 304 - \"http://localhost:4200/\" \"Mozilla/5.0 (Windows NT 10.0; Win64; x64) AppleWebKit/537.36 (KHTML, like Gecko) Chrome/88.0.4324.104 Safari/537.36\"","level":"info"}
{"message":"::ffff:127.0.0.1 - - [02/Feb/2021:11:54:20 +0000] \"OPTIONS /user/login HTTP/1.1\" 200 15 \"http://localhost:4200/\" \"Mozilla/5.0 (Windows NT 10.0; Win64; x64; rv:85.0) Gecko/20100101 Firefox/85.0\"","level":"info"}
{"message":"::ffff:127.0.0.1 - - [02/Feb/2021:11:54:21 +0000] \"POST /user/login HTTP/1.1\" 200 347 \"http://localhost:4200/\" \"Mozilla/5.0 (Windows NT 10.0; Win64; x64; rv:85.0) Gecko/20100101 Firefox/85.0\"","level":"info"}
{"message":"::ffff:127.0.0.1 - - [02/Feb/2021:11:54:21 +0000] \"OPTIONS /tweets HTTP/1.1\" 200 13 \"http://localhost:4200/\" \"Mozilla/5.0 (Windows NT 10.0; Win64; x64; rv:85.0) Gecko/20100101 Firefox/85.0\"","level":"info"}
{"message":"::ffff:127.0.0.1 - - [02/Feb/2021:11:54:21 +0000] \"GET /tweets HTTP/1.1\" 200 3931 \"http://localhost:4200/\" \"Mozilla/5.0 (Windows NT 10.0; Win64; x64; rv:85.0) Gecko/20100101 Firefox/85.0\"","level":"info"}
{"message":"::ffff:127.0.0.1 - - [02/Feb/2021:11:55:12 +0000] \"OPTIONS /tweets/aa7178aa-2a69-423e-b698-6b2f77d3f88d HTTP/1.1\" 200 10 \"http://localhost:4200/\" \"Mozilla/5.0 (Windows NT 10.0; Win64; x64; rv:85.0) Gecko/20100101 Firefox/85.0\"","level":"info"}
{"message":"::ffff:127.0.0.1 - - [02/Feb/2021:11:55:12 +0000] \"PUT /tweets/aa7178aa-2a69-423e-b698-6b2f77d3f88d HTTP/1.1\" 200 403 \"http://localhost:4200/\" \"Mozilla/5.0 (Windows NT 10.0; Win64; x64; rv:85.0) Gecko/20100101 Firefox/85.0\"","level":"info"}
{"message":"::1 - - [02/Feb/2021:12:09:32 +0000] \"OPTIONS /user/login HTTP/1.1\" 200 15 \"http://localhost:4200/\" \"Mozilla/5.0 (Windows NT 10.0; Win64; x64) AppleWebKit/537.36 (KHTML, like Gecko) Chrome/88.0.4324.104 Safari/537.36\"","level":"info"}
{"message":"::1 - - [02/Feb/2021:12:09:34 +0000] \"POST /user/login HTTP/1.1\" 200 329 \"http://localhost:4200/\" \"Mozilla/5.0 (Windows NT 10.0; Win64; x64) AppleWebKit/537.36 (KHTML, like Gecko) Chrome/88.0.4324.104 Safari/537.36\"","level":"info"}
{"message":"::1 - - [02/Feb/2021:12:09:34 +0000] \"OPTIONS /tweets HTTP/1.1\" 200 13 \"http://localhost:4200/\" \"Mozilla/5.0 (Windows NT 10.0; Win64; x64) AppleWebKit/537.36 (KHTML, like Gecko) Chrome/88.0.4324.104 Safari/537.36\"","level":"info"}
{"message":"::1 - - [02/Feb/2021:12:09:34 +0000] \"GET /tweets HTTP/1.1\" 200 3963 \"http://localhost:4200/\" \"Mozilla/5.0 (Windows NT 10.0; Win64; x64) AppleWebKit/537.36 (KHTML, like Gecko) Chrome/88.0.4324.104 Safari/537.36\"","level":"info"}
{"message":"::1 - - [02/Feb/2021:12:09:50 +0000] \"OPTIONS /user/login HTTP/1.1\" 200 15 \"http://localhost:4200/\" \"Mozilla/5.0 (Windows NT 10.0; Win64; x64) AppleWebKit/537.36 (KHTML, like Gecko) Chrome/88.0.4324.104 Safari/537.36\"","level":"info"}
{"message":"::1 - - [02/Feb/2021:12:09:50 +0000] \"POST /user/login HTTP/1.1\" 400 200 \"http://localhost:4200/\" \"Mozilla/5.0 (Windows NT 10.0; Win64; x64) AppleWebKit/537.36 (KHTML, like Gecko) Chrome/88.0.4324.104 Safari/537.36\"","level":"info"}
{"message":"::1 - - [02/Feb/2021:12:10:05 +0000] \"OPTIONS /user/login HTTP/1.1\" 200 15 \"http://localhost:4200/\" \"Mozilla/5.0 (Windows NT 10.0; Win64; x64) AppleWebKit/537.36 (KHTML, like Gecko) Chrome/88.0.4324.104 Safari/537.36\"","level":"info"}
{"message":"::1 - - [02/Feb/2021:12:10:07 +0000] \"POST /user/login HTTP/1.1\" 403 36 \"http://localhost:4200/\" \"Mozilla/5.0 (Windows NT 10.0; Win64; x64) AppleWebKit/537.36 (KHTML, like Gecko) Chrome/88.0.4324.104 Safari/537.36\"","level":"info"}
{"message":"::1 - - [02/Feb/2021:12:10:29 +0000] \"OPTIONS /user/login HTTP/1.1\" 200 15 \"http://localhost:4200/\" \"Mozilla/5.0 (Windows NT 10.0; Win64; x64) AppleWebKit/537.36 (KHTML, like Gecko) Chrome/88.0.4324.104 Safari/537.36\"","level":"info"}
{"message":"::1 - - [02/Feb/2021:12:10:31 +0000] \"POST /user/login HTTP/1.1\" 200 329 \"http://localhost:4200/\" \"Mozilla/5.0 (Windows NT 10.0; Win64; x64) AppleWebKit/537.36 (KHTML, like Gecko) Chrome/88.0.4324.104 Safari/537.36\"","level":"info"}
{"message":"::1 - - [02/Feb/2021:12:10:31 +0000] \"OPTIONS /tweets HTTP/1.1\" 200 13 \"http://localhost:4200/\" \"Mozilla/5.0 (Windows NT 10.0; Win64; x64) AppleWebKit/537.36 (KHTML, like Gecko) Chrome/88.0.4324.104 Safari/537.36\"","level":"info"}
{"message":"::1 - - [02/Feb/2021:12:10:31 +0000] \"GET /tweets HTTP/1.1\" 304 - \"http://localhost:4200/\" \"Mozilla/5.0 (Windows NT 10.0; Win64; x64) AppleWebKit/537.36 (KHTML, like Gecko) Chrome/88.0.4324.104 Safari/537.36\"","level":"info"}
{"message":"::1 - - [02/Feb/2021:12:11:31 +0000] \"OPTIONS /user/bcc93b65-5db6-4b96-b250-13a9dd2a2258 HTTP/1.1\" 200 10 \"http://localhost:4200/\" \"Mozilla/5.0 (Windows NT 10.0; Win64; x64) AppleWebKit/537.36 (KHTML, like Gecko) Chrome/88.0.4324.104 Safari/537.36\"","level":"info"}
{"message":"::1 - - [02/Feb/2021:12:11:35 +0000] \"PUT /user/bcc93b65-5db6-4b96-b250-13a9dd2a2258 HTTP/1.1\" 200 55 \"http://localhost:4200/\" \"Mozilla/5.0 (Windows NT 10.0; Win64; x64) AppleWebKit/537.36 (KHTML, like Gecko) Chrome/88.0.4324.104 Safari/537.36\"","level":"info"}
{"message":"::1 - - [02/Feb/2021:12:12:14 +0000] \"OPTIONS /user/bcc93b65-5db6-4b96-b250-13a9dd2a2258 HTTP/1.1\" 200 10 \"http://localhost:4200/\" \"Mozilla/5.0 (Windows NT 10.0; Win64; x64) AppleWebKit/537.36 (KHTML, like Gecko) Chrome/88.0.4324.104 Safari/537.36\"","level":"info"}
{"message":"::1 - - [02/Feb/2021:12:12:16 +0000] \"PUT /user/bcc93b65-5db6-4b96-b250-13a9dd2a2258 HTTP/1.1\" 403 36 \"http://localhost:4200/\" \"Mozilla/5.0 (Windows NT 10.0; Win64; x64) AppleWebKit/537.36 (KHTML, like Gecko) Chrome/88.0.4324.104 Safari/537.36\"","level":"info"}
{"message":"::1 - - [02/Feb/2021:12:12:33 +0000] \"OPTIONS /user/bcc93b65-5db6-4b96-b250-13a9dd2a2258 HTTP/1.1\" 200 10 \"http://localhost:4200/\" \"Mozilla/5.0 (Windows NT 10.0; Win64; x64) AppleWebKit/537.36 (KHTML, like Gecko) Chrome/88.0.4324.104 Safari/537.36\"","level":"info"}
{"message":"::1 - - [02/Feb/2021:12:12:35 +0000] \"PUT /user/bcc93b65-5db6-4b96-b250-13a9dd2a2258 HTTP/1.1\" 403 36 \"http://localhost:4200/\" \"Mozilla/5.0 (Windows NT 10.0; Win64; x64) AppleWebKit/537.36 (KHTML, like Gecko) Chrome/88.0.4324.104 Safari/537.36\"","level":"info"}
{"message":"::1 - - [02/Feb/2021:12:13:34 +0000] \"OPTIONS /user/bcc93b65-5db6-4b96-b250-13a9dd2a2258 HTTP/1.1\" 200 10 \"http://localhost:4200/\" \"Mozilla/5.0 (Windows NT 10.0; Win64; x64) AppleWebKit/537.36 (KHTML, like Gecko) Chrome/88.0.4324.104 Safari/537.36\"","level":"info"}
{"message":"::1 - - [02/Feb/2021:12:13:35 +0000] \"DELETE /user/bcc93b65-5db6-4b96-b250-13a9dd2a2258 HTTP/1.1\" 200 32 \"http://localhost:4200/\" \"Mozilla/5.0 (Windows NT 10.0; Win64; x64) AppleWebKit/537.36 (KHTML, like Gecko) Chrome/88.0.4324.104 Safari/537.36\"","level":"info"}
{"message":"::1 - - [02/Feb/2021:12:13:49 +0000] \"OPTIONS /user/login HTTP/1.1\" 200 15 \"http://localhost:4200/\" \"Mozilla/5.0 (Windows NT 10.0; Win64; x64) AppleWebKit/537.36 (KHTML, like Gecko) Chrome/88.0.4324.104 Safari/537.36\"","level":"info"}
{"message":"::1 - - [02/Feb/2021:12:13:49 +0000] \"POST /user/login HTTP/1.1\" 429 68 \"http://localhost:4200/\" \"Mozilla/5.0 (Windows NT 10.0; Win64; x64) AppleWebKit/537.36 (KHTML, like Gecko) Chrome/88.0.4324.104 Safari/537.36\"","level":"info"}
{"message":"::1 - - [02/Feb/2021:12:14:05 +0000] \"OPTIONS /user/login HTTP/1.1\" 200 15 \"http://localhost:4200/\" \"Mozilla/5.0 (Windows NT 10.0; Win64; x64) AppleWebKit/537.36 (KHTML, like Gecko) Chrome/88.0.4324.104 Safari/537.36\"","level":"info"}
{"message":"::1 - - [02/Feb/2021:12:14:05 +0000] \"POST /user/login HTTP/1.1\" 429 68 \"http://localhost:4200/\" \"Mozilla/5.0 (Windows NT 10.0; Win64; x64) AppleWebKit/537.36 (KHTML, like Gecko) Chrome/88.0.4324.104 Safari/537.36\"","level":"info"}
{"message":"::1 - - [02/Feb/2021:12:14:19 +0000] \"OPTIONS /user/login HTTP/1.1\" 200 15 \"http://localhost:4200/\" \"Mozilla/5.0 (Windows NT 10.0; Win64; x64) AppleWebKit/537.36 (KHTML, like Gecko) Chrome/88.0.4324.104 Safari/537.36\"","level":"info"}
{"message":"::1 - - [02/Feb/2021:12:14:19 +0000] \"POST /user/login HTTP/1.1\" 429 68 \"http://localhost:4200/\" \"Mozilla/5.0 (Windows NT 10.0; Win64; x64) AppleWebKit/537.36 (KHTML, like Gecko) Chrome/88.0.4324.104 Safari/537.36\"","level":"info"}
{"message":"::ffff:127.0.0.1 - - [02/Feb/2021:12:14:27 +0000] \"OPTIONS /user/ HTTP/1.1\" 200 8 \"http://localhost:4200/\" \"Mozilla/5.0 (Windows NT 10.0; Win64; x64; rv:85.0) Gecko/20100101 Firefox/85.0\"","level":"info"}
{"message":"::ffff:127.0.0.1 - - [02/Feb/2021:12:14:27 +0000] \"GET /user/ HTTP/1.1\" 200 123 \"http://localhost:4200/\" \"Mozilla/5.0 (Windows NT 10.0; Win64; x64; rv:85.0) Gecko/20100101 Firefox/85.0\"","level":"info"}
{"message":"::ffff:127.0.0.1 - - [02/Feb/2021:12:14:27 +0000] \"OPTIONS /tweets HTTP/1.1\" 200 13 \"http://localhost:4200/\" \"Mozilla/5.0 (Windows NT 10.0; Win64; x64; rv:85.0) Gecko/20100101 Firefox/85.0\"","level":"info"}
{"message":"::ffff:127.0.0.1 - - [02/Feb/2021:12:14:27 +0000] \"GET /tweets HTTP/1.1\" 200 3144 \"http://localhost:4200/\" \"Mozilla/5.0 (Windows NT 10.0; Win64; x64; rv:85.0) Gecko/20100101 Firefox/85.0\"","level":"info"}
{"message":"::ffff:127.0.0.1 - - [02/Feb/2021:12:15:03 +0000] \"OPTIONS /tweets/c70de2e2-a057-49c0-8474-711a568d5421 HTTP/1.1\" 200 10 \"http://localhost:4200/\" \"Mozilla/5.0 (Windows NT 10.0; Win64; x64; rv:85.0) Gecko/20100101 Firefox/85.0\"","level":"info"}
{"message":"::ffff:127.0.0.1 - - [02/Feb/2021:12:15:03 +0000] \"PUT /tweets/c70de2e2-a057-49c0-8474-711a568d5421 HTTP/1.1\" 200 396 \"http://localhost:4200/\" \"Mozilla/5.0 (Windows NT 10.0; Win64; x64; rv:85.0) Gecko/20100101 Firefox/85.0\"","level":"info"}
{"message":"::ffff:127.0.0.1 - - [02/Feb/2021:12:15:35 +0000] \"OPTIONS /tweets/1f1bf9a7-5fba-4248-bd1c-ff8ce1daea80 HTTP/1.1\" 200 10 \"http://localhost:4200/\" \"Mozilla/5.0 (Windows NT 10.0; Win64; x64; rv:85.0) Gecko/20100101 Firefox/85.0\"","level":"info"}
{"message":"::ffff:127.0.0.1 - - [02/Feb/2021:12:15:36 +0000] \"PUT /tweets/1f1bf9a7-5fba-4248-bd1c-ff8ce1daea80 HTTP/1.1\" 200 432 \"http://localhost:4200/\" \"Mozilla/5.0 (Windows NT 10.0; Win64; x64; rv:85.0) Gecko/20100101 Firefox/85.0\"","level":"info"}
{"message":"::ffff:127.0.0.1 - - [02/Feb/2021:12:16:08 +0000] \"OPTIONS /tweets/1f1bf9a7-5fba-4248-bd1c-ff8ce1daea80 HTTP/1.1\" 200 10 \"http://localhost:4200/\" \"Mozilla/5.0 (Windows NT 10.0; Win64; x64; rv:85.0) Gecko/20100101 Firefox/85.0\"","level":"info"}
{"message":"::ffff:127.0.0.1 - - [02/Feb/2021:12:16:08 +0000] \"DELETE /tweets/1f1bf9a7-5fba-4248-bd1c-ff8ce1daea80 HTTP/1.1\" 200 31 \"http://localhost:4200/\" \"Mozilla/5.0 (Windows NT 10.0; Win64; x64; rv:85.0) Gecko/20100101 Firefox/85.0\"","level":"info"}
{"message":"::1 - - [02/Feb/2021:12:16:30 +0000] \"OPTIONS /user/login HTTP/1.1\" 200 15 \"http://localhost:4200/\" \"Mozilla/5.0 (Windows NT 10.0; Win64; x64) AppleWebKit/537.36 (KHTML, like Gecko) Chrome/88.0.4324.104 Safari/537.36\"","level":"info"}
{"message":"::1 - - [02/Feb/2021:12:16:30 +0000] \"POST /user/login HTTP/1.1\" 429 68 \"http://localhost:4200/\" \"Mozilla/5.0 (Windows NT 10.0; Win64; x64) AppleWebKit/537.36 (KHTML, like Gecko) Chrome/88.0.4324.104 Safari/537.36\"","level":"info"}
{"message":"::1 - - [02/Feb/2021:12:17:08 +0000] \"OPTIONS /user/signup HTTP/1.1\" 200 15 \"http://localhost:4200/\" \"Mozilla/5.0 (Windows NT 10.0; Win64; x64) AppleWebKit/537.36 (KHTML, like Gecko) Chrome/88.0.4324.104 Safari/537.36\"","level":"info"}
{"message":"::1 - - [02/Feb/2021:12:17:10 +0000] \"POST /user/signup HTTP/1.1\" 201 47 \"http://localhost:4200/\" \"Mozilla/5.0 (Windows NT 10.0; Win64; x64) AppleWebKit/537.36 (KHTML, like Gecko) Chrome/88.0.4324.104 Safari/537.36\"","level":"info"}
{"message":"::1 - - [02/Feb/2021:12:17:10 +0000] \"OPTIONS /user/login HTTP/1.1\" 200 15 \"http://localhost:4200/\" \"Mozilla/5.0 (Windows NT 10.0; Win64; x64) AppleWebKit/537.36 (KHTML, like Gecko) Chrome/88.0.4324.104 Safari/537.36\"","level":"info"}
{"message":"::1 - - [02/Feb/2021:12:17:10 +0000] \"POST /user/login HTTP/1.1\" 429 68 \"http://localhost:4200/\" \"Mozilla/5.0 (Windows NT 10.0; Win64; x64) AppleWebKit/537.36 (KHTML, like Gecko) Chrome/88.0.4324.104 Safari/537.36\"","level":"info"}
{"message":"::1 - - [02/Feb/2021:12:17:25 +0000] \"OPTIONS /user/signup HTTP/1.1\" 200 15 \"http://localhost:4200/\" \"Mozilla/5.0 (Windows NT 10.0; Win64; x64) AppleWebKit/537.36 (KHTML, like Gecko) Chrome/88.0.4324.104 Safari/537.36\"","level":"info"}
{"message":"::1 - - [02/Feb/2021:12:17:25 +0000] \"POST /user/signup HTTP/1.1\" 403 36 \"http://localhost:4200/\" \"Mozilla/5.0 (Windows NT 10.0; Win64; x64) AppleWebKit/537.36 (KHTML, like Gecko) Chrome/88.0.4324.104 Safari/537.36\"","level":"info"}
{"message":"::1 - - [02/Feb/2021:12:18:42 +0000] \"OPTIONS /user/login HTTP/1.1\" 200 15 \"http://localhost:4200/\" \"Mozilla/5.0 (Linux; Android 5.0; SM-G900P Build/LRX21T) AppleWebKit/537.36 (KHTML, like Gecko) Chrome/88.0.4324.104 Mobile Safari/537.36\"","level":"info"}
{"message":"::1 - - [02/Feb/2021:12:18:42 +0000] \"POST /user/login HTTP/1.1\" 429 68 \"http://localhost:4200/\" \"Mozilla/5.0 (Linux; Android 5.0; SM-G900P Build/LRX21T) AppleWebKit/537.36 (KHTML, like Gecko) Chrome/88.0.4324.104 Mobile Safari/537.36\"","level":"info"}
{"message":"::ffff:127.0.0.1 - - [02/Feb/2021:12:29:06 +0000] \"OPTIONS /tweets HTTP/1.1\" 200 13 \"http://localhost:4200/\" \"Mozilla/5.0 (Windows NT 10.0; Win64; x64; rv:85.0) Gecko/20100101 Firefox/85.0\"","level":"info"}
{"message":"::ffff:127.0.0.1 - - [02/Feb/2021:12:29:06 +0000] \"POST /tweets HTTP/1.1\" 201 326 \"http://localhost:4200/\" \"Mozilla/5.0 (Windows NT 10.0; Win64; x64; rv:85.0) Gecko/20100101 Firefox/85.0\"","level":"info"}
{"message":"::ffff:127.0.0.1 - - [02/Feb/2021:12:29:17 +0000] \"OPTIONS /tweets HTTP/1.1\" 200 13 \"http://localhost:4200/\" \"Mozilla/5.0 (Windows NT 10.0; Win64; x64; rv:85.0) Gecko/20100101 Firefox/85.0\"","level":"info"}
{"message":"::ffff:127.0.0.1 - - [02/Feb/2021:12:29:17 +0000] \"POST /tweets HTTP/1.1\" 201 313 \"http://localhost:4200/\" \"Mozilla/5.0 (Windows NT 10.0; Win64; x64; rv:85.0) Gecko/20100101 Firefox/85.0\"","level":"info"}
{"message":"::1 - - [02/Feb/2021:12:51:44 +0000] \"OPTIONS /user/login HTTP/1.1\" 200 15 \"http://localhost:4200/\" \"Mozilla/5.0 (Linux; Android 5.0; SM-G900P Build/LRX21T) AppleWebKit/537.36 (KHTML, like Gecko) Chrome/88.0.4324.104 Mobile Safari/537.36\"","level":"info"}
{"message":"::1 - - [02/Feb/2021:12:51:46 +0000] \"POST /user/login HTTP/1.1\" 200 332 \"http://localhost:4200/\" \"Mozilla/5.0 (Linux; Android 5.0; SM-G900P Build/LRX21T) AppleWebKit/537.36 (KHTML, like Gecko) Chrome/88.0.4324.104 Mobile Safari/537.36\"","level":"info"}
{"message":"::1 - - [02/Feb/2021:12:51:46 +0000] \"OPTIONS /tweets HTTP/1.1\" 200 13 \"http://localhost:4200/\" \"Mozilla/5.0 (Linux; Android 5.0; SM-G900P Build/LRX21T) AppleWebKit/537.36 (KHTML, like Gecko) Chrome/88.0.4324.104 Mobile Safari/537.36\"","level":"info"}
{"message":"::1 - - [02/Feb/2021:12:51:46 +0000] \"GET /tweets HTTP/1.1\" 200 3394 \"http://localhost:4200/\" \"Mozilla/5.0 (Linux; Android 5.0; SM-G900P Build/LRX21T) AppleWebKit/537.36 (KHTML, like Gecko) Chrome/88.0.4324.104 Mobile Safari/537.36\"","level":"info"}
{"message":"::1 - - [02/Feb/2021:12:52:14 +0000] \"OPTIONS /user/login HTTP/1.1\" 200 15 \"http://localhost:4200/\" \"Mozilla/5.0 (Linux; Android 5.0; SM-G900P Build/LRX21T) AppleWebKit/537.36 (KHTML, like Gecko) Chrome/88.0.4324.104 Mobile Safari/537.36\"","level":"info"}
{"message":"::1 - - [02/Feb/2021:12:52:15 +0000] \"POST /user/login HTTP/1.1\" 403 36 \"http://localhost:4200/\" \"Mozilla/5.0 (Linux; Android 5.0; SM-G900P Build/LRX21T) AppleWebKit/537.36 (KHTML, like Gecko) Chrome/88.0.4324.104 Mobile Safari/537.36\"","level":"info"}
{"message":"::ffff:127.0.0.1 - - [02/Feb/2021:12:54:26 +0000] \"OPTIONS /user/ HTTP/1.1\" 200 8 \"http://localhost:4200/\" \"Mozilla/5.0 (Windows NT 10.0; Win64; x64; rv:85.0) Gecko/20100101 Firefox/85.0\"","level":"info"}
{"message":"::ffff:127.0.0.1 - - [02/Feb/2021:12:54:26 +0000] \"GET /user/ HTTP/1.1\" 200 123 \"http://localhost:4200/\" \"Mozilla/5.0 (Windows NT 10.0; Win64; x64; rv:85.0) Gecko/20100101 Firefox/85.0\"","level":"info"}
{"message":"::ffff:127.0.0.1 - - [02/Feb/2021:12:54:26 +0000] \"OPTIONS /tweets HTTP/1.1\" 200 13 \"http://localhost:4200/\" \"Mozilla/5.0 (Windows NT 10.0; Win64; x64; rv:85.0) Gecko/20100101 Firefox/85.0\"","level":"info"}
{"message":"::ffff:127.0.0.1 - - [02/Feb/2021:12:54:26 +0000] \"GET /tweets HTTP/1.1\" 200 3394 \"http://localhost:4200/\" \"Mozilla/5.0 (Windows NT 10.0; Win64; x64; rv:85.0) Gecko/20100101 Firefox/85.0\"","level":"info"}
{"message":"::1 - - [03/Feb/2021:09:21:00 +0000] \"OPTIONS /user/login HTTP/1.1\" 200 15 \"http://localhost:4200/\" \"Mozilla/5.0 (Windows NT 10.0; Win64; x64) AppleWebKit/537.36 (KHTML, like Gecko) Chrome/88.0.4324.104 Safari/537.36\"","level":"info"}
{"message":"::1 - - [03/Feb/2021:09:21:03 +0000] \"POST /user/login HTTP/1.1\" 403 36 \"http://localhost:4200/\" \"Mozilla/5.0 (Windows NT 10.0; Win64; x64) AppleWebKit/537.36 (KHTML, like Gecko) Chrome/88.0.4324.104 Safari/537.36\"","level":"info"}
{"message":"::1 - - [03/Feb/2021:09:28:05 +0000] \"OPTIONS /user/login HTTP/1.1\" 200 15 \"http://localhost:4200/\" \"Mozilla/5.0 (Windows NT 10.0; Win64; x64) AppleWebKit/537.36 (KHTML, like Gecko) Chrome/88.0.4324.104 Safari/537.36\"","level":"info"}
{"message":"::1 - - [03/Feb/2021:09:28:07 +0000] \"POST /user/login HTTP/1.1\" 403 36 \"http://localhost:4200/\" \"Mozilla/5.0 (Windows NT 10.0; Win64; x64) AppleWebKit/537.36 (KHTML, like Gecko) Chrome/88.0.4324.104 Safari/537.36\"","level":"info"}
{"message":"::1 - - [03/Feb/2021:09:28:31 +0000] \"OPTIONS /user/signup HTTP/1.1\" 200 15 \"http://localhost:4200/\" \"Mozilla/5.0 (Windows NT 10.0; Win64; x64) AppleWebKit/537.36 (KHTML, like Gecko) Chrome/88.0.4324.104 Safari/537.36\"","level":"info"}
{"message":"::1 - - [03/Feb/2021:09:28:31 +0000] \"POST /user/signup HTTP/1.1\" 400 36 \"http://localhost:4200/\" \"Mozilla/5.0 (Windows NT 10.0; Win64; x64) AppleWebKit/537.36 (KHTML, like Gecko) Chrome/88.0.4324.104 Safari/537.36\"","level":"info"}
{"message":"::1 - - [03/Feb/2021:09:28:44 +0000] \"OPTIONS /user/login HTTP/1.1\" 200 15 \"http://localhost:4200/\" \"Mozilla/5.0 (Windows NT 10.0; Win64; x64) AppleWebKit/537.36 (KHTML, like Gecko) Chrome/88.0.4324.104 Safari/537.36\"","level":"info"}
{"message":"::1 - - [03/Feb/2021:09:28:46 +0000] \"POST /user/login HTTP/1.1\" 200 332 \"http://localhost:4200/\" \"Mozilla/5.0 (Windows NT 10.0; Win64; x64) AppleWebKit/537.36 (KHTML, like Gecko) Chrome/88.0.4324.104 Safari/537.36\"","level":"info"}
{"message":"::1 - - [03/Feb/2021:09:28:46 +0000] \"OPTIONS /tweets HTTP/1.1\" 200 13 \"http://localhost:4200/\" \"Mozilla/5.0 (Windows NT 10.0; Win64; x64) AppleWebKit/537.36 (KHTML, like Gecko) Chrome/88.0.4324.104 Safari/537.36\"","level":"info"}
{"message":"::1 - - [03/Feb/2021:09:28:46 +0000] \"GET /tweets HTTP/1.1\" 304 - \"http://localhost:4200/\" \"Mozilla/5.0 (Windows NT 10.0; Win64; x64) AppleWebKit/537.36 (KHTML, like Gecko) Chrome/88.0.4324.104 Safari/537.36\"","level":"info"}
{"message":"::1 - - [03/Feb/2021:09:29:04 +0000] \"OPTIONS /tweets HTTP/1.1\" 200 13 \"http://localhost:4200/\" \"Mozilla/5.0 (Windows NT 10.0; Win64; x64) AppleWebKit/537.36 (KHTML, like Gecko) Chrome/88.0.4324.104 Safari/537.36\"","level":"info"}
{"message":"::1 - - [03/Feb/2021:09:29:04 +0000] \"POST /tweets HTTP/1.1\" 201 315 \"http://localhost:4200/\" \"Mozilla/5.0 (Windows NT 10.0; Win64; x64) AppleWebKit/537.36 (KHTML, like Gecko) Chrome/88.0.4324.104 Safari/537.36\"","level":"info"}
{"message":"::1 - - [03/Feb/2021:09:29:23 +0000] \"OPTIONS /tweets/e02c9b68-478a-4dbc-ac1f-b578ef061f1e HTTP/1.1\" 200 10 \"http://localhost:4200/\" \"Mozilla/5.0 (Windows NT 10.0; Win64; x64) AppleWebKit/537.36 (KHTML, like Gecko) Chrome/88.0.4324.104 Safari/537.36\"","level":"info"}
{"message":"::1 - - [03/Feb/2021:09:29:23 +0000] \"PUT /tweets/e02c9b68-478a-4dbc-ac1f-b578ef061f1e HTTP/1.1\" 200 357 \"http://localhost:4200/\" \"Mozilla/5.0 (Windows NT 10.0; Win64; x64) AppleWebKit/537.36 (KHTML, like Gecko) Chrome/88.0.4324.104 Safari/537.36\"","level":"info"}
{"message":"::1 - - [03/Feb/2021:09:31:15 +0000] \"OPTIONS /tweets HTTP/1.1\" 200 13 \"http://localhost:4200/\" \"Mozilla/5.0 (Linux; Android 5.0; SM-G900P Build/LRX21T) AppleWebKit/537.36 (KHTML, like Gecko) Chrome/88.0.4324.104 Mobile Safari/537.36\"","level":"info"}
{"message":"::1 - - [03/Feb/2021:09:31:15 +0000] \"POST /tweets HTTP/1.1\" 201 325 \"http://localhost:4200/\" \"Mozilla/5.0 (Linux; Android 5.0; SM-G900P Build/LRX21T) AppleWebKit/537.36 (KHTML, like Gecko) Chrome/88.0.4324.104 Mobile Safari/537.36\"","level":"info"}
{"message":"::1 - - [03/Feb/2021:09:33:10 +0000] \"OPTIONS /tweets HTTP/1.1\" 200 13 \"http://localhost:4200/\" \"Mozilla/5.0 (Linux; Android 5.0; SM-G900P Build/LRX21T) AppleWebKit/537.36 (KHTML, like Gecko) Chrome/88.0.4324.104 Mobile Safari/537.36\"","level":"info"}
{"message":"::1 - - [03/Feb/2021:09:33:10 +0000] \"POST /tweets HTTP/1.1\" 201 336 \"http://localhost:4200/\" \"Mozilla/5.0 (Linux; Android 5.0; SM-G900P Build/LRX21T) AppleWebKit/537.36 (KHTML, like Gecko) Chrome/88.0.4324.104 Mobile Safari/537.36\"","level":"info"}
{"message":"::1 - - [03/Feb/2021:09:34:12 +0000] \"OPTIONS /tweets HTTP/1.1\" 200 13 \"http://localhost:4200/\" \"Mozilla/5.0 (Linux; Android 5.0; SM-G900P Build/LRX21T) AppleWebKit/537.36 (KHTML, like Gecko) Chrome/88.0.4324.104 Mobile Safari/537.36\"","level":"info"}
{"message":"::1 - - [03/Feb/2021:09:34:13 +0000] \"POST /tweets HTTP/1.1\" 201 316 \"http://localhost:4200/\" \"Mozilla/5.0 (Linux; Android 5.0; SM-G900P Build/LRX21T) AppleWebKit/537.36 (KHTML, like Gecko) Chrome/88.0.4324.104 Mobile Safari/537.36\"","level":"info"}
{"message":"::1 - - [03/Feb/2021:09:37:34 +0000] \"OPTIONS /tweets HTTP/1.1\" 200 13 \"http://localhost:4200/\" \"Mozilla/5.0 (Linux; Android 5.0; SM-G900P Build/LRX21T) AppleWebKit/537.36 (KHTML, like Gecko) Chrome/88.0.4324.104 Mobile Safari/537.36\"","level":"info"}
{"message":"::1 - - [03/Feb/2021:09:37:34 +0000] \"POST /tweets HTTP/1.1\" 201 316 \"http://localhost:4200/\" \"Mozilla/5.0 (Linux; Android 5.0; SM-G900P Build/LRX21T) AppleWebKit/537.36 (KHTML, like Gecko) Chrome/88.0.4324.104 Mobile Safari/537.36\"","level":"info"}
{"message":"::1 - - [03/Feb/2021:09:48:43 +0000] \"OPTIONS /tweets HTTP/1.1\" 200 13 \"http://localhost:4200/\" \"Mozilla/5.0 (Linux; Android 5.0; SM-G900P Build/LRX21T) AppleWebKit/537.36 (KHTML, like Gecko) Chrome/88.0.4324.104 Mobile Safari/537.36\"","level":"info"}
{"message":"::1 - - [03/Feb/2021:09:48:43 +0000] \"POST /tweets HTTP/1.1\" 201 342 \"http://localhost:4200/\" \"Mozilla/5.0 (Linux; Android 5.0; SM-G900P Build/LRX21T) AppleWebKit/537.36 (KHTML, like Gecko) Chrome/88.0.4324.104 Mobile Safari/537.36\"","level":"info"}
{"message":"::1 - - [03/Feb/2021:09:49:16 +0000] \"OPTIONS /tweets/3b068616-34cf-4fa8-b328-f3e06721ecef HTTP/1.1\" 200 10 \"http://localhost:4200/\" \"Mozilla/5.0 (Linux; Android 5.0; SM-G900P Build/LRX21T) AppleWebKit/537.36 (KHTML, like Gecko) Chrome/88.0.4324.104 Mobile Safari/537.36\"","level":"info"}
{"message":"::1 - - [03/Feb/2021:09:49:16 +0000] \"DELETE /tweets/3b068616-34cf-4fa8-b328-f3e06721ecef HTTP/1.1\" 200 31 \"http://localhost:4200/\" \"Mozilla/5.0 (Linux; Android 5.0; SM-G900P Build/LRX21T) AppleWebKit/537.36 (KHTML, like Gecko) Chrome/88.0.4324.104 Mobile Safari/537.36\"","level":"info"}
{"message":"::1 - - [03/Feb/2021:09:49:18 +0000] \"OPTIONS /tweets/e8e5120b-67a0-4d9b-9cec-bcef194f3c63 HTTP/1.1\" 200 10 \"http://localhost:4200/\" \"Mozilla/5.0 (Linux; Android 5.0; SM-G900P Build/LRX21T) AppleWebKit/537.36 (KHTML, like Gecko) Chrome/88.0.4324.104 Mobile Safari/537.36\"","level":"info"}
{"message":"::1 - - [03/Feb/2021:09:49:18 +0000] \"DELETE /tweets/e8e5120b-67a0-4d9b-9cec-bcef194f3c63 HTTP/1.1\" 200 31 \"http://localhost:4200/\" \"Mozilla/5.0 (Linux; Android 5.0; SM-G900P Build/LRX21T) AppleWebKit/537.36 (KHTML, like Gecko) Chrome/88.0.4324.104 Mobile Safari/537.36\"","level":"info"}
{"message":"::1 - - [03/Feb/2021:09:49:29 +0000] \"OPTIONS /user/1d4a412d-75f5-4b28-862d-b89ea6079d4e HTTP/1.1\" 200 10 \"http://localhost:4200/\" \"Mozilla/5.0 (Linux; Android 5.0; SM-G900P Build/LRX21T) AppleWebKit/537.36 (KHTML, like Gecko) Chrome/88.0.4324.104 Mobile Safari/537.36\"","level":"info"}
{"message":"::1 - - [03/Feb/2021:09:49:30 +0000] \"DELETE /user/1d4a412d-75f5-4b28-862d-b89ea6079d4e HTTP/1.1\" 200 32 \"http://localhost:4200/\" \"Mozilla/5.0 (Linux; Android 5.0; SM-G900P Build/LRX21T) AppleWebKit/537.36 (KHTML, like Gecko) Chrome/88.0.4324.104 Mobile Safari/537.36\"","level":"info"}
{"message":"::1 - - [03/Feb/2021:09:49:54 +0000] \"OPTIONS /user/login HTTP/1.1\" 200 15 \"http://localhost:4200/\" \"Mozilla/5.0 (Linux; Android 5.0; SM-G900P Build/LRX21T) AppleWebKit/537.36 (KHTML, like Gecko) Chrome/88.0.4324.104 Mobile Safari/537.36\"","level":"info"}
{"message":"::1 - - [03/Feb/2021:09:49:56 +0000] \"POST /user/login HTTP/1.1\" 200 337 \"http://localhost:4200/\" \"Mozilla/5.0 (Linux; Android 5.0; SM-G900P Build/LRX21T) AppleWebKit/537.36 (KHTML, like Gecko) Chrome/88.0.4324.104 Mobile Safari/537.36\"","level":"info"}
{"message":"::1 - - [03/Feb/2021:09:49:56 +0000] \"OPTIONS /tweets HTTP/1.1\" 200 13 \"http://localhost:4200/\" \"Mozilla/5.0 (Linux; Android 5.0; SM-G900P Build/LRX21T) AppleWebKit/537.36 (KHTML, like Gecko) Chrome/88.0.4324.104 Mobile Safari/537.36\"","level":"info"}
{"message":"::1 - - [03/Feb/2021:09:49:56 +0000] \"GET /tweets HTTP/1.1\" 200 3394 \"http://localhost:4200/\" \"Mozilla/5.0 (Linux; Android 5.0; SM-G900P Build/LRX21T) AppleWebKit/537.36 (KHTML, like Gecko) Chrome/88.0.4324.104 Mobile Safari/537.36\"","level":"info"}
{"message":"::1 - - [03/Feb/2021:09:50:14 +0000] \"OPTIONS /user/008bb64a-1139-4fe5-afc1-7be05603358b HTTP/1.1\" 200 10 \"http://localhost:4200/\" \"Mozilla/5.0 (Linux; Android 5.0; SM-G900P Build/LRX21T) AppleWebKit/537.36 (KHTML, like Gecko) Chrome/88.0.4324.104 Mobile Safari/537.36\"","level":"info"}
{"message":"::1 - - [03/Feb/2021:09:50:14 +0000] \"DELETE /user/008bb64a-1139-4fe5-afc1-7be05603358b HTTP/1.1\" 200 32 \"http://localhost:4200/\" \"Mozilla/5.0 (Linux; Android 5.0; SM-G900P Build/LRX21T) AppleWebKit/537.36 (KHTML, like Gecko) Chrome/88.0.4324.104 Mobile Safari/537.36\"","level":"info"}
{"message":"::1 - - [03/Feb/2021:10:27:22 +0000] \"OPTIONS /user/login HTTP/1.1\" 200 15 \"http://localhost:4200/\" \"Mozilla/5.0 (Windows NT 10.0; Win64; x64) AppleWebKit/537.36 (KHTML, like Gecko) Chrome/88.0.4324.104 Safari/537.36\"","level":"info"}
{"message":"::1 - - [03/Feb/2021:10:27:22 +0000] \"POST /user/login HTTP/1.1\" 404 34 \"http://localhost:4200/\" \"Mozilla/5.0 (Windows NT 10.0; Win64; x64) AppleWebKit/537.36 (KHTML, like Gecko) Chrome/88.0.4324.104 Safari/537.36\"","level":"info"}
{"message":"::1 - - [03/Feb/2021:10:28:01 +0000] \"OPTIONS /user/signup HTTP/1.1\" 200 15 \"http://localhost:4200/\" \"Mozilla/5.0 (Windows NT 10.0; Win64; x64) AppleWebKit/537.36 (KHTML, like Gecko) Chrome/88.0.4324.104 Safari/537.36\"","level":"info"}
{"message":"::1 - - [03/Feb/2021:10:28:03 +0000] \"POST /user/signup HTTP/1.1\" 201 47 \"http://localhost:4200/\" \"Mozilla/5.0 (Windows NT 10.0; Win64; x64) AppleWebKit/537.36 (KHTML, like Gecko) Chrome/88.0.4324.104 Safari/537.36\"","level":"info"}
{"message":"::1 - - [03/Feb/2021:10:28:03 +0000] \"OPTIONS /user/login HTTP/1.1\" 200 15 \"http://localhost:4200/\" \"Mozilla/5.0 (Windows NT 10.0; Win64; x64) AppleWebKit/537.36 (KHTML, like Gecko) Chrome/88.0.4324.104 Safari/537.36\"","level":"info"}
{"message":"::1 - - [03/Feb/2021:10:28:04 +0000] \"POST /user/login HTTP/1.1\" 200 361 \"http://localhost:4200/\" \"Mozilla/5.0 (Windows NT 10.0; Win64; x64) AppleWebKit/537.36 (KHTML, like Gecko) Chrome/88.0.4324.104 Safari/537.36\"","level":"info"}
{"message":"::1 - - [03/Feb/2021:10:28:04 +0000] \"OPTIONS /tweets HTTP/1.1\" 200 13 \"http://localhost:4200/\" \"Mozilla/5.0 (Windows NT 10.0; Win64; x64) AppleWebKit/537.36 (KHTML, like Gecko) Chrome/88.0.4324.104 Safari/537.36\"","level":"info"}
{"message":"::1 - - [03/Feb/2021:10:28:05 +0000] \"GET /tweets HTTP/1.1\" 200 2 \"http://localhost:4200/\" \"Mozilla/5.0 (Windows NT 10.0; Win64; x64) AppleWebKit/537.36 (KHTML, like Gecko) Chrome/88.0.4324.104 Safari/537.36\"","level":"info"}
{"message":"::1 - - [03/Feb/2021:10:29:37 +0000] \"OPTIONS /tweets HTTP/1.1\" 200 13 \"http://localhost:4200/\" \"Mozilla/5.0 (Windows NT 10.0; Win64; x64) AppleWebKit/537.36 (KHTML, like Gecko) Chrome/88.0.4324.104 Safari/537.36\"","level":"info"}
{"message":"::1 - - [03/Feb/2021:10:29:37 +0000] \"POST /tweets HTTP/1.1\" 201 468 \"http://localhost:4200/\" \"Mozilla/5.0 (Windows NT 10.0; Win64; x64) AppleWebKit/537.36 (KHTML, like Gecko) Chrome/88.0.4324.104 Safari/537.36\"","level":"info"}
{"message":"::1 - - [03/Feb/2021:10:29:47 +0000] \"OPTIONS /tweets/86ea96d9-1154-4e81-b76f-2ac7a0e4e53a HTTP/1.1\" 200 10 \"http://localhost:4200/\" \"Mozilla/5.0 (Windows NT 10.0; Win64; x64) AppleWebKit/537.36 (KHTML, like Gecko) Chrome/88.0.4324.104 Safari/537.36\"","level":"info"}
{"message":"::1 - - [03/Feb/2021:10:29:47 +0000] \"PUT /tweets/86ea96d9-1154-4e81-b76f-2ac7a0e4e53a HTTP/1.1\" 200 469 \"http://localhost:4200/\" \"Mozilla/5.0 (Windows NT 10.0; Win64; x64) AppleWebKit/537.36 (KHTML, like Gecko) Chrome/88.0.4324.104 Safari/537.36\"","level":"info"}
{"message":"::1 - - [03/Feb/2021:10:30:14 +0000] \"OPTIONS /user/signup HTTP/1.1\" 200 15 \"http://localhost:4200/\" \"Mozilla/5.0 (Windows NT 10.0; Win64; x64) AppleWebKit/537.36 (KHTML, like Gecko) Chrome/88.0.4324.104 Safari/537.36\"","level":"info"}
{"message":"::1 - - [03/Feb/2021:10:30:16 +0000] \"POST /user/signup HTTP/1.1\" 201 47 \"http://localhost:4200/\" \"Mozilla/5.0 (Windows NT 10.0; Win64; x64) AppleWebKit/537.36 (KHTML, like Gecko) Chrome/88.0.4324.104 Safari/537.36\"","level":"info"}
{"message":"::1 - - [03/Feb/2021:10:30:16 +0000] \"OPTIONS /user/login HTTP/1.1\" 200 15 \"http://localhost:4200/\" \"Mozilla/5.0 (Windows NT 10.0; Win64; x64) AppleWebKit/537.36 (KHTML, like Gecko) Chrome/88.0.4324.104 Safari/537.36\"","level":"info"}
{"message":"::1 - - [03/Feb/2021:10:30:17 +0000] \"POST /user/login HTTP/1.1\" 200 331 \"http://localhost:4200/\" \"Mozilla/5.0 (Windows NT 10.0; Win64; x64) AppleWebKit/537.36 (KHTML, like Gecko) Chrome/88.0.4324.104 Safari/537.36\"","level":"info"}
{"message":"::1 - - [03/Feb/2021:10:30:17 +0000] \"OPTIONS /tweets HTTP/1.1\" 200 13 \"http://localhost:4200/\" \"Mozilla/5.0 (Windows NT 10.0; Win64; x64) AppleWebKit/537.36 (KHTML, like Gecko) Chrome/88.0.4324.104 Safari/537.36\"","level":"info"}
{"message":"::1 - - [03/Feb/2021:10:30:17 +0000] \"GET /tweets HTTP/1.1\" 200 471 \"http://localhost:4200/\" \"Mozilla/5.0 (Windows NT 10.0; Win64; x64) AppleWebKit/537.36 (KHTML, like Gecko) Chrome/88.0.4324.104 Safari/537.36\"","level":"info"}
{"message":"::1 - - [03/Feb/2021:10:30:53 +0000] \"OPTIONS /tweets HTTP/1.1\" 200 13 \"http://localhost:4200/\" \"Mozilla/5.0 (Windows NT 10.0; Win64; x64) AppleWebKit/537.36 (KHTML, like Gecko) Chrome/88.0.4324.104 Safari/537.36\"","level":"info"}
{"message":"::1 - - [03/Feb/2021:10:30:53 +0000] \"POST /tweets HTTP/1.1\" 201 399 \"http://localhost:4200/\" \"Mozilla/5.0 (Windows NT 10.0; Win64; x64) AppleWebKit/537.36 (KHTML, like Gecko) Chrome/88.0.4324.104 Safari/537.36\"","level":"info"}
{"message":"::1 - - [03/Feb/2021:10:31:18 +0000] \"OPTIONS /tweets HTTP/1.1\" 200 13 \"http://localhost:4200/\" \"Mozilla/5.0 (Windows NT 10.0; Win64; x64) AppleWebKit/537.36 (KHTML, like Gecko) Chrome/88.0.4324.104 Safari/537.36\"","level":"info"}
{"message":"::1 - - [03/Feb/2021:10:31:18 +0000] \"POST /tweets HTTP/1.1\" 201 327 \"http://localhost:4200/\" \"Mozilla/5.0 (Windows NT 10.0; Win64; x64) AppleWebKit/537.36 (KHTML, like Gecko) Chrome/88.0.4324.104 Safari/537.36\"","level":"info"}
{"message":"::1 - - [03/Feb/2021:10:31:36 +0000] \"OPTIONS /tweets HTTP/1.1\" 200 13 \"http://localhost:4200/\" \"Mozilla/5.0 (Windows NT 10.0; Win64; x64) AppleWebKit/537.36 (KHTML, like Gecko) Chrome/88.0.4324.104 Safari/537.36\"","level":"info"}
{"message":"::1 - - [03/Feb/2021:10:31:36 +0000] \"POST /tweets HTTP/1.1\" 201 320 \"http://localhost:4200/\" \"Mozilla/5.0 (Windows NT 10.0; Win64; x64) AppleWebKit/537.36 (KHTML, like Gecko) Chrome/88.0.4324.104 Safari/537.36\"","level":"info"}
{"message":"::1 - - [03/Feb/2021:10:32:26 +0000] \"OPTIONS /tweets/ebd1b401-1506-43ce-8258-2bce5eafbc3a HTTP/1.1\" 200 10 \"http://localhost:4200/\" \"Mozilla/5.0 (Windows NT 10.0; Win64; x64) AppleWebKit/537.36 (KHTML, like Gecko) Chrome/88.0.4324.104 Safari/537.36\"","level":"info"}
{"message":"::1 - - [03/Feb/2021:10:32:26 +0000] \"PUT /tweets/ebd1b401-1506-43ce-8258-2bce5eafbc3a HTTP/1.1\" 200 397 \"http://localhost:4200/\" \"Mozilla/5.0 (Windows NT 10.0; Win64; x64) AppleWebKit/537.36 (KHTML, like Gecko) Chrome/88.0.4324.104 Safari/537.36\"","level":"info"}
{"message":"::1 - - [03/Feb/2021:10:32:36 +0000] \"OPTIONS /tweets/ebd1b401-1506-43ce-8258-2bce5eafbc3a HTTP/1.1\" 200 10 \"http://localhost:4200/\" \"Mozilla/5.0 (Windows NT 10.0; Win64; x64) AppleWebKit/537.36 (KHTML, like Gecko) Chrome/88.0.4324.104 Safari/537.36\"","level":"info"}
{"message":"::1 - - [03/Feb/2021:10:32:36 +0000] \"PUT /tweets/ebd1b401-1506-43ce-8258-2bce5eafbc3a HTTP/1.1\" 200 404 \"http://localhost:4200/\" \"Mozilla/5.0 (Windows NT 10.0; Win64; x64) AppleWebKit/537.36 (KHTML, like Gecko) Chrome/88.0.4324.104 Safari/537.36\"","level":"info"}
{"message":"::1 - - [03/Feb/2021:10:33:06 +0000] \"OPTIONS /tweets HTTP/1.1\" 200 13 \"http://localhost:4200/\" \"Mozilla/5.0 (Windows NT 10.0; Win64; x64) AppleWebKit/537.36 (KHTML, like Gecko) Chrome/88.0.4324.104 Safari/537.36\"","level":"info"}
{"message":"::1 - - [03/Feb/2021:10:33:06 +0000] \"POST /tweets HTTP/1.1\" 201 328 \"http://localhost:4200/\" \"Mozilla/5.0 (Windows NT 10.0; Win64; x64) AppleWebKit/537.36 (KHTML, like Gecko) Chrome/88.0.4324.104 Safari/537.36\"","level":"info"}
{"message":"::1 - - [03/Feb/2021:10:33:22 +0000] \"OPTIONS /tweets HTTP/1.1\" 200 13 \"http://localhost:4200/\" \"Mozilla/5.0 (Windows NT 10.0; Win64; x64) AppleWebKit/537.36 (KHTML, like Gecko) Chrome/88.0.4324.104 Safari/537.36\"","level":"info"}
{"message":"::1 - - [03/Feb/2021:10:33:22 +0000] \"POST /tweets HTTP/1.1\" 201 323 \"http://localhost:4200/\" \"Mozilla/5.0 (Windows NT 10.0; Win64; x64) AppleWebKit/537.36 (KHTML, like Gecko) Chrome/88.0.4324.104 Safari/537.36\"","level":"info"}
{"message":"::1 - - [03/Feb/2021:10:33:32 +0000] \"OPTIONS /tweets HTTP/1.1\" 200 13 \"http://localhost:4200/\" \"Mozilla/5.0 (Windows NT 10.0; Win64; x64) AppleWebKit/537.36 (KHTML, like Gecko) Chrome/88.0.4324.104 Safari/537.36\"","level":"info"}
{"message":"::1 - - [03/Feb/2021:10:33:32 +0000] \"POST /tweets HTTP/1.1\" 201 315 \"http://localhost:4200/\" \"Mozilla/5.0 (Windows NT 10.0; Win64; x64) AppleWebKit/537.36 (KHTML, like Gecko) Chrome/88.0.4324.104 Safari/537.36\"","level":"info"}
{"message":"::1 - - [03/Feb/2021:10:33:34 +0000] \"OPTIONS /tweets/f321146a-6b02-43c0-b5e0-fb5b394db6ad HTTP/1.1\" 200 10 \"http://localhost:4200/\" \"Mozilla/5.0 (Windows NT 10.0; Win64; x64) AppleWebKit/537.36 (KHTML, like Gecko) Chrome/88.0.4324.104 Safari/537.36\"","level":"info"}
{"message":"::1 - - [03/Feb/2021:10:33:34 +0000] \"DELETE /tweets/f321146a-6b02-43c0-b5e0-fb5b394db6ad HTTP/1.1\" 200 31 \"http://localhost:4200/\" \"Mozilla/5.0 (Windows NT 10.0; Win64; x64) AppleWebKit/537.36 (KHTML, like Gecko) Chrome/88.0.4324.104 Safari/537.36\"","level":"info"}
{"message":"::1 - - [03/Feb/2021:10:34:09 +0000] \"OPTIONS /user/signup HTTP/1.1\" 200 15 \"http://localhost:4200/\" \"Mozilla/5.0 (Windows NT 10.0; Win64; x64) AppleWebKit/537.36 (KHTML, like Gecko) Chrome/88.0.4324.104 Safari/537.36\"","level":"info"}
{"message":"::1 - - [03/Feb/2021:10:34:10 +0000] \"POST /user/signup HTTP/1.1\" 201 47 \"http://localhost:4200/\" \"Mozilla/5.0 (Windows NT 10.0; Win64; x64) AppleWebKit/537.36 (KHTML, like Gecko) Chrome/88.0.4324.104 Safari/537.36\"","level":"info"}
{"message":"::1 - - [03/Feb/2021:10:34:10 +0000] \"OPTIONS /user/login HTTP/1.1\" 200 15 \"http://localhost:4200/\" \"Mozilla/5.0 (Windows NT 10.0; Win64; x64) AppleWebKit/537.36 (KHTML, like Gecko) Chrome/88.0.4324.104 Safari/537.36\"","level":"info"}
{"message":"::1 - - [03/Feb/2021:10:34:10 +0000] \"POST /user/login HTTP/1.1\" 429 68 \"http://localhost:4200/\" \"Mozilla/5.0 (Windows NT 10.0; Win64; x64) AppleWebKit/537.36 (KHTML, like Gecko) Chrome/88.0.4324.104 Safari/537.36\"","level":"info"}
{"message":"::1 - - [03/Feb/2021:10:47:54 +0000] \"OPTIONS /user/login HTTP/1.1\" 200 15 \"http://localhost:4200/\" \"Mozilla/5.0 (Linux; Android 5.0; SM-G900P Build/LRX21T) AppleWebKit/537.36 (KHTML, like Gecko) Chrome/88.0.4324.104 Mobile Safari/537.36\"","level":"info"}
{"message":"::1 - - [03/Feb/2021:10:47:56 +0000] \"POST /user/login HTTP/1.1\" 200 337 \"http://localhost:4200/\" \"Mozilla/5.0 (Linux; Android 5.0; SM-G900P Build/LRX21T) AppleWebKit/537.36 (KHTML, like Gecko) Chrome/88.0.4324.104 Mobile Safari/537.36\"","level":"info"}
{"message":"::1 - - [03/Feb/2021:10:47:56 +0000] \"OPTIONS /tweets HTTP/1.1\" 200 13 \"http://localhost:4200/\" \"Mozilla/5.0 (Linux; Android 5.0; SM-G900P Build/LRX21T) AppleWebKit/537.36 (KHTML, like Gecko) Chrome/88.0.4324.104 Mobile Safari/537.36\"","level":"info"}
{"message":"::1 - - [03/Feb/2021:10:47:56 +0000] \"GET /tweets HTTP/1.1\" 200 2257 \"http://localhost:4200/\" \"Mozilla/5.0 (Linux; Android 5.0; SM-G900P Build/LRX21T) AppleWebKit/537.36 (KHTML, like Gecko) Chrome/88.0.4324.104 Mobile Safari/537.36\"","level":"info"}
{"message":"::1 - - [03/Feb/2021:10:48:23 +0000] \"OPTIONS /tweets HTTP/1.1\" 200 13 \"http://localhost:4200/\" \"Mozilla/5.0 (Linux; Android 5.0; SM-G900P Build/LRX21T) AppleWebKit/537.36 (KHTML, like Gecko) Chrome/88.0.4324.104 Mobile Safari/537.36\"","level":"info"}
{"message":"::1 - - [03/Feb/2021:10:48:23 +0000] \"POST /tweets HTTP/1.1\" 201 325 \"http://localhost:4200/\" \"Mozilla/5.0 (Linux; Android 5.0; SM-G900P Build/LRX21T) AppleWebKit/537.36 (KHTML, like Gecko) Chrome/88.0.4324.104 Mobile Safari/537.36\"","level":"info"}
{"message":"::1 - - [03/Feb/2021:10:49:13 +0000] \"OPTIONS /user/8b7e4fef-d759-4794-baa8-a7bfda91d0ab HTTP/1.1\" 200 10 \"http://localhost:4200/\" \"Mozilla/5.0 (Linux; Android 5.0; SM-G900P Build/LRX21T) AppleWebKit/537.36 (KHTML, like Gecko) Chrome/88.0.4324.104 Mobile Safari/537.36\"","level":"info"}
{"message":"::1 - - [03/Feb/2021:10:49:17 +0000] \"PUT /user/8b7e4fef-d759-4794-baa8-a7bfda91d0ab HTTP/1.1\" 200 55 \"http://localhost:4200/\" \"Mozilla/5.0 (Linux; Android 5.0; SM-G900P Build/LRX21T) AppleWebKit/537.36 (KHTML, like Gecko) Chrome/88.0.4324.104 Mobile Safari/537.36\"","level":"info"}
{"message":"::1 - - [03/Feb/2021:10:49:49 +0000] \"OPTIONS /user/8b7e4fef-d759-4794-baa8-a7bfda91d0ab HTTP/1.1\" 200 10 \"http://localhost:4200/\" \"Mozilla/5.0 (Linux; Android 5.0; SM-G900P Build/LRX21T) AppleWebKit/537.36 (KHTML, like Gecko) Chrome/88.0.4324.104 Mobile Safari/537.36\"","level":"info"}
{"message":"::1 - - [03/Feb/2021:10:49:49 +0000] \"DELETE /user/8b7e4fef-d759-4794-baa8-a7bfda91d0ab HTTP/1.1\" 200 32 \"http://localhost:4200/\" \"Mozilla/5.0 (Linux; Android 5.0; SM-G900P Build/LRX21T) AppleWebKit/537.36 (KHTML, like Gecko) Chrome/88.0.4324.104 Mobile Safari/537.36\"","level":"info"}
{"message":"::1 - - [03/Feb/2021:10:50:03 +0000] \"OPTIONS /user/login HTTP/1.1\" 200 15 \"http://localhost:4200/\" \"Mozilla/5.0 (Linux; Android 5.0; SM-G900P Build/LRX21T) AppleWebKit/537.36 (KHTML, like Gecko) Chrome/88.0.4324.104 Mobile Safari/537.36\"","level":"info"}
{"message":"::1 - - [03/Feb/2021:10:50:05 +0000] \"POST /user/login HTTP/1.1\" 200 361 \"http://localhost:4200/\" \"Mozilla/5.0 (Linux; Android 5.0; SM-G900P Build/LRX21T) AppleWebKit/537.36 (KHTML, like Gecko) Chrome/88.0.4324.104 Mobile Safari/537.36\"","level":"info"}
{"message":"::1 - - [03/Feb/2021:10:50:05 +0000] \"OPTIONS /tweets HTTP/1.1\" 200 13 \"http://localhost:4200/\" \"Mozilla/5.0 (Linux; Android 5.0; SM-G900P Build/LRX21T) AppleWebKit/537.36 (KHTML, like Gecko) Chrome/88.0.4324.104 Mobile Safari/537.36\"","level":"info"}
{"message":"::1 - - [03/Feb/2021:10:50:05 +0000] \"GET /tweets HTTP/1.1\" 200 2257 \"http://localhost:4200/\" \"Mozilla/5.0 (Linux; Android 5.0; SM-G900P Build/LRX21T) AppleWebKit/537.36 (KHTML, like Gecko) Chrome/88.0.4324.104 Mobile Safari/537.36\"","level":"info"}
{"message":"::1 - - [03/Feb/2021:10:50:11 +0000] \"OPTIONS /tweets/209f7314-1802-4e73-ac8c-57b6de9f4108 HTTP/1.1\" 200 10 \"http://localhost:4200/\" \"Mozilla/5.0 (Linux; Android 5.0; SM-G900P Build/LRX21T) AppleWebKit/537.36 (KHTML, like Gecko) Chrome/88.0.4324.104 Mobile Safari/537.36\"","level":"info"}
{"message":"::1 - - [03/Feb/2021:10:50:11 +0000] \"DELETE /tweets/209f7314-1802-4e73-ac8c-57b6de9f4108 HTTP/1.1\" 200 31 \"http://localhost:4200/\" \"Mozilla/5.0 (Linux; Android 5.0; SM-G900P Build/LRX21T) AppleWebKit/537.36 (KHTML, like Gecko) Chrome/88.0.4324.104 Mobile Safari/537.36\"","level":"info"}
{"message":"::1 - - [03/Feb/2021:10:50:15 +0000] \"OPTIONS /tweets/b938dfb8-ece5-46c5-9132-a5fe398348ac HTTP/1.1\" 200 10 \"http://localhost:4200/\" \"Mozilla/5.0 (Linux; Android 5.0; SM-G900P Build/LRX21T) AppleWebKit/537.36 (KHTML, like Gecko) Chrome/88.0.4324.104 Mobile Safari/537.36\"","level":"info"}
{"message":"::1 - - [03/Feb/2021:10:50:15 +0000] \"PUT /tweets/b938dfb8-ece5-46c5-9132-a5fe398348ac HTTP/1.1\" 200 393 \"http://localhost:4200/\" \"Mozilla/5.0 (Linux; Android 5.0; SM-G900P Build/LRX21T) AppleWebKit/537.36 (KHTML, like Gecko) Chrome/88.0.4324.104 Mobile Safari/537.36\"","level":"info"}
{"message":"::1 - - [03/Feb/2021:10:51:57 +0000] \"OPTIONS /user/signup HTTP/1.1\" 200 15 \"http://localhost:4200/\" \"Mozilla/5.0 (Linux; Android 5.0; SM-G900P Build/LRX21T) AppleWebKit/537.36 (KHTML, like Gecko) Chrome/88.0.4324.104 Mobile Safari/537.36\"","level":"info"}
{"message":"::1 - - [03/Feb/2021:10:51:59 +0000] \"POST /user/signup HTTP/1.1\" 201 47 \"http://localhost:4200/\" \"Mozilla/5.0 (Linux; Android 5.0; SM-G900P Build/LRX21T) AppleWebKit/537.36 (KHTML, like Gecko) Chrome/88.0.4324.104 Mobile Safari/537.36\"","level":"info"}
{"message":"::1 - - [03/Feb/2021:10:51:59 +0000] \"OPTIONS /user/login HTTP/1.1\" 200 15 \"http://localhost:4200/\" \"Mozilla/5.0 (Linux; Android 5.0; SM-G900P Build/LRX21T) AppleWebKit/537.36 (KHTML, like Gecko) Chrome/88.0.4324.104 Mobile Safari/537.36\"","level":"info"}
{"message":"::1 - - [03/Feb/2021:10:52:01 +0000] \"POST /user/login HTTP/1.1\" 200 339 \"http://localhost:4200/\" \"Mozilla/5.0 (Linux; Android 5.0; SM-G900P Build/LRX21T) AppleWebKit/537.36 (KHTML, like Gecko) Chrome/88.0.4324.104 Mobile Safari/537.36\"","level":"info"}
{"message":"::1 - - [03/Feb/2021:10:52:01 +0000] \"OPTIONS /tweets HTTP/1.1\" 200 13 \"http://localhost:4200/\" \"Mozilla/5.0 (Linux; Android 5.0; SM-G900P Build/LRX21T) AppleWebKit/537.36 (KHTML, like Gecko) Chrome/88.0.4324.104 Mobile Safari/537.36\"","level":"info"}
{"message":"::1 - - [03/Feb/2021:10:52:01 +0000] \"GET /tweets HTTP/1.1\" 200 1998 \"http://localhost:4200/\" \"Mozilla/5.0 (Linux; Android 5.0; SM-G900P Build/LRX21T) AppleWebKit/537.36 (KHTML, like Gecko) Chrome/88.0.4324.104 Mobile Safari/537.36\"","level":"info"}
{"message":"::1 - - [03/Feb/2021:10:52:48 +0000] \"OPTIONS /tweets HTTP/1.1\" 200 13 \"http://localhost:4200/\" \"Mozilla/5.0 (Linux; Android 5.0; SM-G900P Build/LRX21T) AppleWebKit/537.36 (KHTML, like Gecko) Chrome/88.0.4324.104 Mobile Safari/537.36\"","level":"info"}
{"message":"::1 - - [03/Feb/2021:10:52:49 +0000] \"POST /tweets HTTP/1.1\" 201 401 \"http://localhost:4200/\" \"Mozilla/5.0 (Linux; Android 5.0; SM-G900P Build/LRX21T) AppleWebKit/537.36 (KHTML, like Gecko) Chrome/88.0.4324.104 Mobile Safari/537.36\"","level":"info"}
{"message":"::1 - - [03/Feb/2021:11:05:05 +0000] \"OPTIONS /user/login HTTP/1.1\" 200 15 \"http://localhost:4200/\" \"Mozilla/5.0 (Linux; Android 5.0; SM-G900P Build/LRX21T) AppleWebKit/537.36 (KHTML, like Gecko) Chrome/88.0.4324.104 Mobile Safari/537.36\"","level":"info"}
{"message":"::1 - - [03/Feb/2021:11:05:06 +0000] \"POST /user/login HTTP/1.1\" 200 361 \"http://localhost:4200/\" \"Mozilla/5.0 (Linux; Android 5.0; SM-G900P Build/LRX21T) AppleWebKit/537.36 (KHTML, like Gecko) Chrome/88.0.4324.104 Mobile Safari/537.36\"","level":"info"}
{"message":"::1 - - [03/Feb/2021:11:05:06 +0000] \"OPTIONS /tweets HTTP/1.1\" 200 13 \"http://localhost:4200/\" \"Mozilla/5.0 (Linux; Android 5.0; SM-G900P Build/LRX21T) AppleWebKit/537.36 (KHTML, like Gecko) Chrome/88.0.4324.104 Mobile Safari/537.36\"","level":"info"}
{"message":"::1 - - [03/Feb/2021:11:05:06 +0000] \"GET /tweets HTTP/1.1\" 200 2400 \"http://localhost:4200/\" \"Mozilla/5.0 (Linux; Android 5.0; SM-G900P Build/LRX21T) AppleWebKit/537.36 (KHTML, like Gecko) Chrome/88.0.4324.104 Mobile Safari/537.36\"","level":"info"}
{"message":"::1 - - [03/Feb/2021:11:11:04 +0000] \"OPTIONS /user/login HTTP/1.1\" 200 15 \"http://localhost:4200/\" \"Mozilla/5.0 (Windows NT 10.0; Win64; x64) AppleWebKit/537.36 (KHTML, like Gecko) Chrome/88.0.4324.104 Safari/537.36\"","level":"info"}
{"message":"::1 - - [03/Feb/2021:11:11:06 +0000] \"POST /user/login HTTP/1.1\" 200 361 \"http://localhost:4200/\" \"Mozilla/5.0 (Windows NT 10.0; Win64; x64) AppleWebKit/537.36 (KHTML, like Gecko) Chrome/88.0.4324.104 Safari/537.36\"","level":"info"}
{"message":"::1 - - [03/Feb/2021:11:11:06 +0000] \"OPTIONS /tweets HTTP/1.1\" 200 13 \"http://localhost:4200/\" \"Mozilla/5.0 (Windows NT 10.0; Win64; x64) AppleWebKit/537.36 (KHTML, like Gecko) Chrome/88.0.4324.104 Safari/537.36\"","level":"info"}
{"message":"::1 - - [03/Feb/2021:11:11:06 +0000] \"GET /tweets HTTP/1.1\" 200 2398 \"http://localhost:4200/\" \"Mozilla/5.0 (Windows NT 10.0; Win64; x64) AppleWebKit/537.36 (KHTML, like Gecko) Chrome/88.0.4324.104 Safari/537.36\"","level":"info"}
{"message":"::1 - - [03/Feb/2021:11:11:46 +0000] \"OPTIONS /tweets HTTP/1.1\" 200 13 \"http://localhost:4200/\" \"Mozilla/5.0 (Windows NT 10.0; Win64; x64) AppleWebKit/537.36 (KHTML, like Gecko) Chrome/88.0.4324.104 Safari/537.36\"","level":"info"}
{"message":"::1 - - [03/Feb/2021:11:11:46 +0000] \"POST /tweets HTTP/1.1\" 201 363 \"http://localhost:4200/\" \"Mozilla/5.0 (Windows NT 10.0; Win64; x64) AppleWebKit/537.36 (KHTML, like Gecko) Chrome/88.0.4324.104 Safari/537.36\"","level":"info"}
{"message":"::1 - - [03/Feb/2021:11:12:02 +0000] \"OPTIONS /tweets/0926ef5f-501f-4700-a751-849831f48e18 HTTP/1.1\" 200 10 \"http://localhost:4200/\" \"Mozilla/5.0 (Windows NT 10.0; Win64; x64) AppleWebKit/537.36 (KHTML, like Gecko) Chrome/88.0.4324.104 Safari/537.36\"","level":"info"}
{"message":"::1 - - [03/Feb/2021:11:12:02 +0000] \"PUT /tweets/0926ef5f-501f-4700-a751-849831f48e18 HTTP/1.1\" 200 377 \"http://localhost:4200/\" \"Mozilla/5.0 (Windows NT 10.0; Win64; x64) AppleWebKit/537.36 (KHTML, like Gecko) Chrome/88.0.4324.104 Safari/537.36\"","level":"info"}
{"message":"::1 - - [03/Feb/2021:11:12:35 +0000] \"OPTIONS /user/login HTTP/1.1\" 200 15 \"http://localhost:4200/\" \"Mozilla/5.0 (Windows NT 10.0; Win64; x64) AppleWebKit/537.36 (KHTML, like Gecko) Chrome/88.0.4324.104 Safari/537.36\"","level":"info"}
{"message":"::1 - - [03/Feb/2021:11:12:37 +0000] \"POST /user/login HTTP/1.1\" 200 339 \"http://localhost:4200/\" \"Mozilla/5.0 (Windows NT 10.0; Win64; x64) AppleWebKit/537.36 (KHTML, like Gecko) Chrome/88.0.4324.104 Safari/537.36\"","level":"info"}
{"message":"::1 - - [03/Feb/2021:11:12:37 +0000] \"OPTIONS /tweets HTTP/1.1\" 200 13 \"http://localhost:4200/\" \"Mozilla/5.0 (Windows NT 10.0; Win64; x64) AppleWebKit/537.36 (KHTML, like Gecko) Chrome/88.0.4324.104 Safari/537.36\"","level":"info"}
{"message":"::1 - - [03/Feb/2021:11:12:37 +0000] \"GET /tweets HTTP/1.1\" 200 2776 \"http://localhost:4200/\" \"Mozilla/5.0 (Windows NT 10.0; Win64; x64) AppleWebKit/537.36 (KHTML, like Gecko) Chrome/88.0.4324.104 Safari/537.36\"","level":"info"}
{"message":"::1 - - [03/Feb/2021:11:13:05 +0000] \"OPTIONS /tweets HTTP/1.1\" 200 13 \"http://localhost:4200/\" \"Mozilla/5.0 (Windows NT 10.0; Win64; x64) AppleWebKit/537.36 (KHTML, like Gecko) Chrome/88.0.4324.104 Safari/537.36\"","level":"info"}
{"message":"::1 - - [03/Feb/2021:11:13:05 +0000] \"POST /tweets HTTP/1.1\" 201 365 \"http://localhost:4200/\" \"Mozilla/5.0 (Windows NT 10.0; Win64; x64) AppleWebKit/537.36 (KHTML, like Gecko) Chrome/88.0.4324.104 Safari/537.36\"","level":"info"}
